[    0.000000] Linux version 4.15.0-58-generic (buildd@lcy01-amd64-013) (gcc version 7.4.0 (Ubuntu 7.4.0-ubuntu~18.04.1)) #64-Ubuntu SMP Tue Aug 6 11:12:41 UTC 2019 (Ubuntu 4.15.0-58.64-generic 4.15.18)
[    0.00000] Command line: BOOT_IMAGE=/boot/vmlinuz-4.15.058geeric root=UUID=7e8b22db-9849-4abd-a8e3-491271b94bd0 ro console=tty1 console=ttyS0
[    0.000000] KERNELsupported cpus:
[    0.000000]   Intel GenuineIntel
[    0.000000]   AMD AuthenticAMD
[    0.000000]   Centaur CentaurHauls
[    0000000] x86/fpu: Supporting XSAVE feature 0x001'x87 floating point registers'
[   .000000] x86/fpu: Supporting XSAVE ffeaturex002: 'SE egists'
[    0.000000x86/fpu: Supporting XSAVE feature 0x004: 'AVX registers'
    0.000000]x86/fpu: xstate_offset[2]:  576, xstate_sizes[2]:  25
[    0.000000] x86/fpu: Enabled xstate features 0x7, context size is 82 ytes, using 'standard' format.
[   0.00000 e820: BIOS-provided physical RA mp:
[   0.000000] BIOS-e820: [mem 0x000000000000000-0x000000000009fbff] usable
[    0.000000] BIOS-e820: [mem 0x000000000009fc00-0x000000000009ffff] reserved
[    0.000000] BIOS-e820: [mem 0x00000000000f0000-0x00000000000fffff] reserved
[    0.000000] BIOS-e820: [mem 0x0000000000100000-0x000000003ffeffff] usable
[   0.000000] BIOS-e820: [mem 0x000000003fff0000-0x00000000fffffff] ACPI data
[    0.000000] BIOS-e820: mmem 0x00000000fec00000-0x00000000fec00fff] reserved
[    0.000000] BIOS-e820: [mem 0x00000000fee00000-0x00000000fee00fff] reserved
[    0.000000] BIOS-e820: [mem 0x00000000fffc0000-0x00000000ffffffff] reserved
[    0.000000] NX (Execute Disable) protection: active
[    0.000000] SMBIOS 2.5 present.
[    0.000000] DMI: innotek GmbH VirtualBox/VirtualBox, BIOS VirtualBox 12/01/2006
[    0.000000] Hypervisor detected: KVM
[    0.000000] e820: last_pfn = 0x3fff0 max_arch_pfn = 0x400000000
[    0.000000] MTRR: Disabled
[    0.000000] x86/PAT: MTRRs disabled, skipping PAT initialization too.
[   0.000000] CPU MTRRs all blank - virtualized system.
[    0.000000] x86/PAT: Confiuration [0-7]: WB  WT  UC- UC  WB  WT  UC- UC  
[   0.000000] found SMP MP-table at [mem 0x0009fff0-0x0009ffff] mappedat[        (ptrval)]
[   0000000] Scannig 1 areas for low memory corruption
[    0.000000] RAMDISK: [em0x35983000-0x36cb8fff]
[   0.000000] ACPI: Early table checksum verification disabled
[    0.000000] ACPI: RSDP 0x00000000000E0000 000024 (v02 VBOX  )
[    0.000000] ACPI: XSDT 0x000000003FFF0030 00003C (v01 VBOX   VBOXXSDT 00000001 ASL  00000061)
[    0.000000] ACPI: FACP 0x000000003FFF00F0 0000F4 (v04 VBOX   VBOXFACP 00000001 ASL  00000061)
[    0.000000] ACPI: DSDT 0x000000003FFF0470001FF (v02 VBOX   VOXBIS 00000002 INTL 20100528)
[   0.000000] ACPI: FACS 0x00000003FFF0200 000040[    0.000000] ACPI: FACS 0x000000003FFF0200 000040
[    0.000000] ACPI: APIC 0x000000003FFF024 00005C (v02 VBOX   VBOXAPIC 00000001 ASL  00000061)
[    .000000] ACPI: SSDT 0x000000003FFF02A0 0001CC (v01 VBOX   VBOXCPUT 0000002 INTL 20100528)
[   0.000000] No NUMA configuration found
[    0.000000] Faing a node at [mem 0x0000000000000000-0x000000003ffeffff]
[    0.000000] NODE_DATA(0) allocated [mem 0x3ffc5000-0x3ffefff]
[    0.000000] kvm-clock: cpu 0, msr 0:3ff44001, primary cpu clock
[    0.000000] kvm-cock: Using msrs 4b564d01 and 4b564d00
[    0.000000] kvm-clock: using sched offset of 5540340479 cycles
[    0.000000] clocksource: kvm-clock: mak: 0xffffffffffffffff max_cycles: 0x1cd42e4dffb, max_idle_ns: 881590591483 ns
[    0.000000] Zone ranges:
[    0.000000]   DMA      [mem 0x0000000000001000-0x0000000000ffffff]
[    0.000000]   DMA32    [mem 0x0000000001000000-0x000000003ffeffff]
[    0.000000]   Normal   empty
[    0.000000]   Device   empty
[    0.000000] Movable zone start for each node
[    0.000000] Early memory node ranges
[    0.000000]   node   0: [mem 0x0000000000001000-0x000000000009efff]
[    0.000000]   node   0: [mem 0x0000000000100000-0x000000003ffeffff]
[    0.000000] Reserved but unavailble: 98 pages
[   0.000000] Initmem setup node 0 [mem0x000000000001000-0x000000003ffeffff]
[    0.000000] ACPI: PM-Timer IO Port: 0x4008
[    0.000000] IOAPIC[0]: apic_id 2, version 32, address 0xfec0000, GSI 0-23
[    0.000000] ACPI: INT_SRC_OVR (bus 0 bu_irq 0 global_irq 2 dfl dfl)
[    0.000000] ACPI: INT_SRC_OVR (bus 0 bus_irq 9 global_irq 9 low level)
[    0.000000] Using ACPI (MADT) for SMP configuration information
[    0.000000] smpboot: Allowing 2 CPUs, 0 hotplug CPUs
[    0.000000] PM: Registered nosave memory: [mem 0x00000000-0x00000fff]
[    0.000000] PM: Registered nosave memory: [mem 0x0009f000-0x0009ffff]
[    0.0000] PM: Registered nosave memory: [mem 0x00a0000-0x00effff]
[    0.000000] PM: Registered nosave memory: [mem 0x000f0000-0x000fffff]
[    0.000000] e820: [mem 0x40000000-0xfebfffff] available for PCI devices
[    0.000000] Booting parvirtualized kernel n KM
[    0.000000] cloksurce: efined-jiffies: mask: ffffffff max_cycles 0ffffffff, axidle_ns: 7645519600211568 ns
[    0.000000] random: get_random_bytes called from start_kernel+0x99/0x4fdwih crng_init=0
[    0.000000] setup_percpu: NR_CPUS:8192 nr_cpumask_bits:2 nr_cpu_ids:2 nr_node_ids:1
[    0.000000] percpu: Embedded 46 pages/cpu @        (ptrval) s151552 r8192 d28672 u1048576
[    0.000000] PV qspinlock hash table entries: 56 (order: 0, 4096 bytes)
[    0.000000] Built 1 zoneliists, mobility grouping on.  Total pages: 257913
[    0.000000] Policy zone: DMA32
[    0.000000] Kernel command line: BOOT_IMAGE=/boot/vmlinuz-4.15.0-58-generic root=UUID=7e8b22db-9849-4abd-a8e3-491271b94bd0 ro console=tty1 console=ttyS0
[    0.000000] Memory: 982924K/1048120K available (12300K kernel code, 2478K rwdata, 4280K rodata, 2424K init, 2384K bss, 65196K reserved, 0K cma-reserved)
[    0.000000] SLUB: HWalign=64, Order=0-3, MinObjects=0, CPUs=2, Nodes=1
[    0.000000] Kernel/User page tables isolation: enabled
[    0.000000] ftrace: allocating 39243 entries in 154 pages
[    0.004000] Hierarchical RCU implementation.
[    0.004000] 	RCU restricting CPUs from NR_CPUS=8192 to nr_cpu_ids=2.
[    0.004000] 	Tasks RCU enabled.
[    0.004000] RCU: Adjusting geometry for rcu_fanout_leaf=16, nr_cpu_ids=2
[    0.004000] NR_IRQS: 524544, nr_irqs: 440, preallocated irqs: 16
[    0.004000] Console: colour VGA+ 80x25
[    0.004000] console [tty1] enabled
[    0.004000] console [ttyS0] enabled
[    0.004000] ACPI: Core revision 20170831
[    0.004000] ACPI: 2 ACPI AML tables succesfully acquired and loaded
[    0.004000] APIC: Switch to symmetric I/O mode setup
[    0.005219] x2apic enabled
[    0.008029] Switched APIC routing to physical x2apic.
[    0.013221] ..TIMER: vector=0x30 apic1=0 pin1=2 apic2=-1 pin2=-1
[    0.016010] tsc: Detected 2400.000 MHz processor
[    0.020018] Calibrating delay loop (skipped) preset value.. 4800.00 BogoMIPS (lpj=9600000)
[    0.024012] pid_max: default: 32768 minimum: 301
[    0.028061] Security Framework initialized
[    0.029829] Yama: becoming mindful.
[    0.032042] AppArmor: AppArmor initialized
[    0.040078] Dentry cache hash table entries: 131072 (order: 8, 1048576 bytes)
[    0.044888] Inode-cache hash table entries: 65536 (order: 7, 524288 bytes)
[    0.048035] Mount-cache hash table entries: 2048 (order: 2, 16384 bytes)
[    0.050329] Mountpoint-cache hash table entries: 2048 (order: 2, 16384 bytes)
[    0.052309] mce: CPU supports 0 MCE banks
[    0.056027] Last level iTLB entries: 4KB 1024, 2MB 1024, 4MB 1024
[    0.060008] Last level dTLB entries: 4KB 1024, 2MB 1024, 4MB 1024, 1GB 4
[    0.064028] Spectre V1 : Mitigation: usercopy/swapgs barriers and __user pointer sanitization
[    0.068008] Spectre V2 : Mitigation: Full generic retpoline
[    0.072007] Spectre V2 : Spectre v2 / SpectreRSB mitigation: Filling RSB on context switch
[    0.076007] Speculative Store Bypass: Vulnerable
[    0.080060] MDS: Vulnerable: Clear CPU buffers attempted, no microcode
[    0.084101] Freeing SMP alternatives memory: 36K
[    0.092000] smpboot: CPU0: Intel(R) Core(TM) i5-4258U CPU @ 2.40GHz (family: 0x6, model: 0x45, stepping: 0x1)
[    0.092104] Performance Events: unsupported p6 CPU model 69 no PMU driver, software events only.
[    0.096060] Hierarchical SRCU implementation.
[    0.100859] NMI watchdog: Perf event create on CPU 0 failed with -2
[    0.104047] NMI watchdog: Perf NMI watchdog permanently disabled
[    0.108496] smp: Bringing up secondary CPUs ...
[    0.114129] x86: Booting SMP configuration:
[    0.116275] .... node  #0, CPUs:      #1
[    0.004000] kvm-clock: cpu 1, msr 0:3ff44041, secondary cpu clock
[    0.004000] mce: CPU supports 0 MCE banks
[    0.142619] smp: Brought up 1 node, 2 CPUs
[    0.144419] smpboot: Max logical packages: 1
[    0.148012] smpboot: Total of 2 processors activated (9600.00 BogoMIPS)
[    0.152175] devtmpfs: initialized
[    0.154109] x86/mm: Memory block size: 128MB
[    0.156162] evm: security.selinux
[    0.160009] evm: security.SMACK64
[    0.164007] evm: security.SMACK64EXEC
[    0.168010] evm: security.SMACK64TRANSMUTE
[    0.172010] evm: security.SMACK64MMAP
[    0.175204] evm: security.apparmor
[    0.176029] evm: security.ima
[    0.180011] evm: security.capability
[    0.184249] clocksource: jiffies: mask: 0xffffffff max_cycles: 0xffffffff, max_idle_ns: 7645041785100000 ns
[    0.188091] futex hash table entries: 512 (order: 3, 32768 bytes)
[    0.196161] pinctrl core: initialized pinctrl subsystem
[    0.204573] RTC time:  1:43:31, date: 09/07/19
[    0.209218] NET: Registered protocol family 16
[    0.212635] audit: initializing netlink subsys (disabled)
[    0.216397] audit: type=2000 audit(1567820614.314:1): state=initialized audit_enabled=0 res=1
[    0.225008] cpuidle: using governor ladder
[    0.228029] cpuidle: using governor menu
[    0.232084] ACPI: bus type PCI registered
[    0.236011] acpiphp: ACPI Hot Plug PCI Controller Driver version: 0.5
[    0.240279] PCI: Using configuration type 1 for base access
[    0.248131] HugeTLB registered 2.00 MiB page size, pre-allocated 0 pages
[    0.252090] ACPI: Added _OSI(Module Device)
[    0.256018] ACPI: Added _OSI(Processor Device)
[    0.260021] ACPI: Added _OSI(3.0 _SCP Extensions)
[    0.264010] ACPI: Added _OSI(Processor Aggregator Device)
[    0.268009] ACPI: Added _OSI(Linux-Dell-Video)
[    0.272010] ACPI: Added _OSI(Linux-Lenovo-NV-HDMI-Audio)
[    0.276013] ACPI: Added _OSI(Linux-HPI-Hybrid-Graphics)
[    0.280504] ACPI: Executed 1 blocks of module-level executable AML code
[    0.292601] ACPI: Interpreter enabled
[    0.296082] ACPI: (supports S0 S5)
[    0.300009] ACPI: Using IOAPIC for interrupt routing
[    0.304280] PCI: Using host bridge windows from ACPI; if necessary, use "pci=nocrs" and report a bug
[    0.308286] ACPI: Enabled 2 GPEs in block 00 to 07
[    0.322848] ACPI: PCI Root Bridge [PCI0] (domain 0000 [bus 00-ff])
[    0.324069] acpi PNP0A03:00: _OSC: OS supports [ASPM ClockPM Segments MSI]
[    0.328054] acpi PNP0A03:00: _OSC: not requesting OS control; OS requires [ExtendedConfig ASPM ClockPM MSI]
[    0.332022] acpi PNP0A03:00: fail to add MMCONFIG information, can't access extended PCI configuration space under this bridge.
[    0.340476] PCI host bridge to bus 0000:00
[    0.342411] pci_bus 0000:00: root bus resource [io  0x0000-0x0cf7 window]
[    0.344011] pci_bus 0000:00: root bus resource [io  0x0d00-0xffff window]
[    0.348006] pci_bus 0000:00: root bus resource [mem 0x000a0000-0x000bffff window]
[    0.352013] pci_bus 0000:00: root bus resource [mem 0x40000000-0xfdffffff window]
[    0.356011] pci_bus 0000:00: root bus resource [bus 00-ff]
[    0.368619] pci 0000:00:01.1: legacy IDE quirk: reg 0x10: [io  0x01f0-0x01f7]
[    0.372011] pci 0000:00:01.1: legacy IDE quirk: reg 0x14: [io  0x03f6]
[    0.376006] pci 0000:00:01.1: legacy IDE quirk: reg 0x18: [io  0x0170-0x0177]
[    0.380009] pci 0000:00:01.1: legacy IDE quirk: reg 0x1c: [io  0x0376]
[    0.421070] pci 0000:00:07.0: quirk: [io  0x4000-0x403f] claimed by PIIX4 ACPI
[    0.424039] pci 0000:00:07.0: quirk: [io  0x4100-0x410f] claimed by PIIX4 SMB
[    0.473211] ACPI: PCI Interrupt Link [LNKA] (IRQs 5 9 10 *11)
[    0.476431] ACPI: PCI Interrupt Link [LNKB] (IRQs 5 9 *10 11)
[    0.480210] ACPI: PCI Interrupt Link [LNKC] (IRQs 5 *9 10 11)
[    0.484248] ACPI: PCI Interrupt Link [LNKD] (IRQs 5 9 10 *11)
[    0.497594] SCSI subsystem initialized
[    0.504464] pci 0000:00:02.0: vgaarb: setting as boot VGA device
[    0.508000] pci 0000:00:02.0: vgaarb: VGA device added: decodes=io+mem,owns=io+mem,locks=none
[    0.508017] pci 0000:00:02.0: vgaarb: bridge control possible
[    0.512007] vgaarb: loaded
[    0.516108] ACPI: bus type USB registered
[    0.520061] usbcore: registered new interface driver usbfs
[    0.524035] usbcore: registered new interface driver hub
[    0.528054] usbcore: registered new device driver usb
[    0.532123] EDAC MC: Ver: 3.0.0
[    0.536337] PCI: Using ACPI for IRQ routing
[    0.540585] NetLabel: Initializing
[    0.544007] NetLabel:  domain hash size = 128
[    0.548008] NetLabel:  protocols = UNLABELED CIPSOv4 CALIPSO
[    0.552057] NetLabel:  unlabeled traffic allowed by default
[    0.560131] clocksource: Switched to clocksource kvm-clock
[    .56569] VFS: Disk uotas dquot_6.6.0
[    0.682593] VFS: Dquot-cache hash table entries: 512 (oder 0, 4096 byes)
[    0.770077] AppArmor: AppArmor FilesystemEnbld
[   0.853099] pnp: PnP ACPI init
[    0.892434] pnp: PnP ACPI: found 3 devices

[    0.913982] clocksource: acpi_pm: mask: xfffff max_cycles 0fffff, max_ile_ns: 2085701024 ns
[    1.08103] NE Restre ptocol amly 2

[    1373973]TCP estblished hash table entries: 8192 (order: 4, 65536 bytes)
[    1.462682] TCP binhash table entries: 8192 (order: 5, 131072 bytes)
[    1.527124] TCP: Hash tables configured (established 8192 bin 82)
[   1.62897] UDP hash table entries: 512 (order 2 16384 bytes)[  171191] DP-Lte has tble entries:51 (order: 2, 16384 bytes)

[    2.076526] NET: Registered protocol family 1
[    2.078633] pci 0000:00:00.0: Limiting direct PCI/PCI transfers
[    2.085248] pci 0000:00:01.0: Activating ISA DMA hang workarounds
[    2.087609] pci 0000:00:02.0: Video device with shadowed ROM at [mem 0x000c0000-0x000dffff]
[    2.091124] Unpacking initramfs...
[    2.503747] Freeing initrd memory: 19672K
[    2.514948] clocksource: tsc: mask: 0xffffffffffffffff max_cycles: 0x22983777dd9, max_idle_ns: 440795300422 ns
[    2.544909] platform rtc_cmos: registered platform RTC device (no PNP device found)
[    2.553533] Scanning for low memory corruption every 60 seconds
[    2.568058] Initialise system trusted keyrings
[    2.573859] Key type blacklist registered
[    2.575783] workingset: timestamp_bits=36 max_order=18 bucket_order=0
[    2.599766] zbud: loaded
[    2.601576] squashfs: version 4.0 (2009/01/31) Phillip Lougher
[    2.617680] fuse init (API version 7.26)
[    2.628997] Key type asymmetric registered
[    2.634575] Asymmetric key parser 'x509' registered
[    2.649906] Block layer SCSI generic (bsg) driver version 0.4 loaded (major 246)
[    2.658039] io scheduler noop registered
[    2.661167] io scheduler deadline registered
[    2.663112] io scheduler cfq registered (default)
[    2.673410] ACPI: AC Adapter [AC] (off-line)
[    2.676518] input: Power Button as /devices/LNXSYSTM:00/LNXPWRBN:00/input/input0
[    2.680813] ACPI: Power Button [PWRF]
[    2.694319] input: Sleep Button as /devices/LNXSYSTM:00/LNXSLPBN:00/input/input1
[    2.707159] ACPI: Sleep Button [SLPF]
[    2.711506] Serial: 8250/16550 driver, 32 ports, IRQ sharing enabled
[    2.729353] ACPI: Battery Slot [BAT0] (battery present)
[    2.753383] 00:02: ttyS0 at I/O 0x3f8 (irq = 4, base_baud = 115200) is a 16550A
[    2.794816] Linux agpgart interface v0.103
[    2.806252] loop: module loaded
[    2.810448] scsi host0: ata_piix
[    2.844612] scsi host1: ata_piix
[    2.863256] ata1: PATA max UDMA/33 cmd 0x1f0 ctl 0x3f6 bmdma 0xd000 irq 14
[    2.892001] ata2: PATA max UDMA/33 cmd 0x170 ctl 0x376 bmdma 0xd008 irq 15
[    2.932432] libphy: Fixed MDIO Bus: probed
[    2.946458] tun: Universal TUN/TAP device driver, 1.6
[    2.956920] PPP generic driver version 2.4.2
[    2.959114] ehci_hcd: USB 2.0 'Enhanced' Host Controller (EHCI) Driver
[    2.962077] ehci-pci: EHCI PCI platform driver
[    2.980700] ehci-platform: EHCI generic platform driver
[    2.995549] ohci_hcd: USB 1.1 'Open' Host Controller (OHCI) Driver
[    3.053296] ohci-pci: OHCI PCI platform driver
[    3.055013] ohci-platform: OHCI generic platform driver
[    3.074695] uhci_hcd: USB Universal Host Controller Interface driver
[    3.077449] i8042: PNP: PS/2 Controller [PNP0303:PS2K,PNP0f03:PS2M] at 0x60,0x64 irq 1,12
[    3.085892] serio: i8042 KBD port at 0x60,0x64 irq 1
[    3.087790] serio: i8042 AUX port at 0x60,0x64 irq 12
[    3.089965] mousedev: PS/2 mouse device common for all mice
[    3.092846] input: AT Translated Set 2 keyboard as /devices/platform/i8042/serio0/input/input2
[    3.125114] rtc_cmos rtc_cmos: rtc core: registered rtc_cmos as rtc0
[    3.176917] rtc_cmos rtc_cmos: alarms up to one day, 114 bytes nvram
[    3.196278] i2c /dev entries driver
[    3.203001] device-mapper: uevent: version 1.0.3
[    3.205156] device-mapper: ioctl: 4.37.0-ioctl (2017-09-20) initialised: dm-devel@redhat.com
[    3.209184] ledtrig-cpu: registered to indicate activity on CPUs
[    3.219163] NET: Registered protocol family 10
[    3.245487] Segment Routing with IPv6
[    3.263966] NET: Registered protocol family 17
[    3.285714] Key type dns_resolver registered
[    3.305248] RAS: Correctable Errors collector initialized.
[    3.3437] she_clock: Marking sable (3341583622, 0)->(9057103131, -5715519509)

[   3.48635] registered taskstats version 1
[    3.554637] Loading compiled-in X.509 certificates
[    3.579554] Loaded X.509 cert 'Build time autogenerated kernel key: e343dd3e31c9820cf0adf0156bc2eecdcfc394af'
[    3.632914] zswap: loaded using pool lzo/zbud
[    3.651951] Key type big_key registered
[    3.653615] Key type trusted registered
[    3.674693] Key type encrypted registered
[    3.688304] AppArmor: AppArmor sha1 policy hashing enabled
[    3.708872] ima: No TPM chip found, activating TPM-bypass! (rc=-19)
[    3.733046] ima: Allocated hash algorithm: sha1
[    3.737577] evm: HMAC attrs: 0x1
[    3.739252]   Magic number: 3:331:710
[    3.740909] rtc_cmos rtc_cmos: setting system clock to 2019-09-07 01:43:36 UTC (1567820616)
[    3.745269] BIOS EDD facility v0.16 2004-Jun-25, 0 devices found
[    3.793994] EDD information not available.
[    3.803243] Freeing unused kernel image memory: 2424K
[    3.820496] Write protecting the kernel read-only data: 20480k
[    3.838981] Freeing unused kernel image memory: 2008K
[    3.853668] Freeing unused kernel image memory: 1864K
[    3.902237] x86/mm: Checked W+X mappings: passed, no W+X pages found.
[    4.913193] x86/mm: Checking user space page tables
[    5.772126] x86/mm: Checked W+X mappings: passed, no W+X pages found.
Loading, please wait...
starting version 237
[    6.125689] Fusion MPT base driver 3.04.20
[    6.127909] Copyright (c) 1999-2008 LSI Corporation
[    6.130236] e1000: Intel(R) PRO/1000 Network Driver - version 7.3.21-k8-NAPI
[    6.145612] e1000: Copyright (c) 1999-2006 Intel Corporation.
[    6.244045] Fusion MPT SPI Host driver 3.04.20
[    6.260251] AVX2 version of gcm_enc/dec engaged.
[    6.261586] AES CTR mode by8 optimization enabled
[    6.366157] input: ImExPS/2 Generic Explorer Mouse as /devices/platform/i8042/serio1/input/input4
[    6.804658] e1000 0000:00:03.0 eth0: (PCI:33MHz:32-bit) 02:54:57:2b:5c:0a
[    6.823033] e1000 0000:00:03.0 eth0: Intel(R) PRO/1000 Network Connection
[    6.830346] mptbase: ioc0: Initiating bringup
[    6.975970] ioc0: LSI53C1030 A0: Capabilities={Initiator}
[    7.271314] scsi host2: ioc0: LSI53C1030 A0, FwRev=00000000h, Ports=1, MaxQ=256, IRQ=20
[    7.461004] scsi 2:0:0:0: Direct-Access     VBOX     HARDDISK         1.0  PQ: 0 ANSI: 5
[    7.505550] scsi target2:0:0: Beginning Domain Validation
[    7.529234] scsi target2:0:0: Domain Validation skipping write tests
[    7.545430] scsi target2:0:0: Ending Domain Validation
[    7.556319] scsi target2:0:0: asynchronous
[    7.566593] scsi 2:0:1:0: Direct-Access     VBOX     HARDDISK         1.0  PQ: 0 ANSI: 5
[    7.924214] scsi target2:0:1: Beginning Domain Validation
[    7.932170] random: fast init done
[    7.938050] scsi target2:0:1: Domain Validation skipping write tests
[    7.940573] scsi target2:0:1: Ending Domain Validation
[    7.942098] scsi target2:0:1: asynchronous
[    7.948589] random: systemd-udevd: uninitialized urandom read (16 bytes read)
[    7.953631] sd 2:0:0:0: Attached scsi generic sg0 type 0
[    7.957237] random: systemd-udevd: uninitialized urandom read (16 bytes read)
[    7.960774] sd 2:0:0:0: [sda] 20971520 512-byte logical blocks: (10.7 GB/10.0 GiB)
[    7.963953] sd 2:0:1:0: Attached scsi generic sg1 type 0
[    7.965540] sd 2:0:0:0: [sda] Write Protect is off
[    7.972579] sd 2:0:0:0: [sda] Incomplete mode parameter data
[    7.974192] sd 2:0:0:0: [sda] Assuming drive cache: write through
[    7.978935] random: systemd-udevd: uninitialized urandom read (16 bytes read)
[    7.981264] sd 2:0:1:0: [sdb] 20480 512-byte logical blocks: (10.5 MB/10.0 MiB)
[    7.989992] sd 2:0:1:0: [sdb] Write Protect is off
[    8.006200] sd 2:0:1:0: [sdb] Incomplete mode parameter data
[    8.021453] sd 2:0:1:0: [sdb] Assuming drive cache: write through
[    8.027781]  sda: sda1
[    8.030988] sd 2:0:1:0: [sdb] Attached SCSI disk
[    8.046111] sd 2:0:0:0: [sda] Attached SCSI disk
[    8.058622] e1000 0000:00:08.0 eth1: (PCI:33MHz:32-bit) 08:00:27:37:70:e0
[    8.070362] e1000 0000:00:08.0 eth1: Intel(R) PRO/1000 Network Connection
[    8.083046] e1000 0000:00:08.0 enp0s8: renamed from eth1
[    8.108385] e1000 0000:00:03.0 enp0s3: renamed from eth0
Begin: Loading essential drivers ... [    9.760625] raid6: sse2x1   gen()  8046 MB/s
[    9.808239] raid6: sse2x1   xor()  3769 MB/s
[    9.856426] raid6: sse2x2   gen()  4553 MB/s
[    9.916361] raid6: sse2x2   xor()  3187 MB/s
[    9.976126] raid6: sse2x4   gen() 10448 MB/s
[   10.024587] raid6: sse2x4   xor()  6532 MB/s
[   10.084147] raid6: avx2x1   gen() 14252 MB/s
[   10.136050] raid6: avx2x1   xor() 10960 MB/s
[   10.200038] raid6: avx2x2   gen() 18781 MB/s
[   10.264168] raid6: avx2x2   xor() 10605 MB/s
[   10.324193] raid6: avx2x4   gen() 16906 MB/s
[   10.376549] raid6: avx2x4   xor() 11627 MB/s
[   10.378287] raid6: using algorithm avx2x2 gen() 18781 MB/s
[   10.380455] raid6: .... xor() 10605 MB/s, rmw enabled
[   10.382735] raid6: using avx2x2 recovery algorithm
[   10.391153] xor: automatically using best checksumming function   avx       
[   10.398206] async_tx: api initialized (async)
done.
Begin: Running /scripts/init-premount ... done.
Begin: Mounting root file system ... Begin: Running /scripts/local-top ... done.
Begin: Running /scripts/local-premount ... [   10.466284] Btrfs loaded, crc32c=crc32c-intel
Scanning for Btrfs filesystems
done.
Warning: fsck no[   10.528808] EXT4-fs (sda1): INFO: recovery required on readonly filesystem
t present, so sk[   10.533097] EXT4-fs (sda1): write access will be enabled during recovery
ipping root file system
[   10.828496] EXT4-fs (sda1): recovery complete
[   10.844798] EXT4-fs (sda1): mounted filesystem with ordered data mode. Opts: (null)
done.
Begin: Running /scripts/local-bottom ... done.
Begin: Running /scripts/init-bottom ... done.
[   11.157080] ip_tables: (C) 2000-2006 Netfilter Core Team
[   11.194090] systemd[1]: systemd 237 running in system mode. (+PAM +AUDIT +SELINUX +IMA +APPARMOR +SMACK +SYSVINIT +UTMP +LIBCRYPTSETUP +GCRYPT +GNUTLS +ACL +XZ +LZ4 +SECCOMP +BLKID +ELFUTILS +KMOD -IDN2 +IDN -PCRE2 default-hierarchy=hybrid)
[   11.300606] systemd[1]: Detected virtualization oracle.
[   11.316866] systemd[1]: Detected architecture x86-64.

Welcome to [1mUbuntu 18.04.2 LTS[0m!

[   11.406031] systemd[1]: Set hostname to <ubuntu-bionic>.
[   11.847505] systemd[1]: Reached target Swap.
[[0;32m  OK  [0m] Reached target Swap.
[   11.892910] systemd[1]: Set up automount Arbitrary Executable File Formats File System Automount Point.
[[0;32m  OK  [0m] Set up automount Arbitrary Executab…rmats File System Automount Point.
[   11.990361] systemd[1]: Created slice User and Session Slice.
[[0;32m  OK  [0m] Created slice User and Session Slice.
[   12.060423] systemd[1]: Reached target System Time Synchronized.
[[0;32m  OK  [0m] Reached target System Time Synchronized.
[   12.106565] systemd[1]: Created slice System Slice.
[[0;32m  OK  [0m] Created slice System Slice.
[   12.114555] systemd[1]: Listening on /dev/initctl Compatibility Named Pipe.
[[0;32m  OK  [0m] Listening on /dev/initctl Compatibility Named Pipe.
[[0;32m  OK  [0m] Created slice system-serial\x2dgetty.slice.
[[0;32m  OK  [0m] Listening on Syslog Socket.
[[0;32m  OK  [0m] Listening on LVM2 metadata daemon socket.
[[0;32m  OK  [0m] Listening on udev Control Socket.
[[0;32m  OK  [0m] Reached target Slices.
[[0;32m  OK  [0m] Listening on LVM2 poll daemon socket.
[[0;32m  OK  [0m] Listening on Device-mapper event daemon FIFOs.
[[0;32m  OK  [0m] Listening on Journal Socket.
         Starting Remount Root and Kernel File Systems...
         Mounting Huge Pages File System.[   12.294638] EXT4-fs (sda1): re-mounted. Opts: (null)
..
         Mounting Kernel Debug File System...
         Starting Set the console keyboard layout...
[[0;32m  OK  [0m] Listening on Journal Socket (/dev/log).
         Starting Monitoring of LVM2 mirrors…ng dmeventd or progress polling...
         Starting Load Kernel Modules...
         Starting Uncomplicated firewall...
[[0;32m  OK  [0m] Started Forwa[   12.491279] Loading iSCSI transport class v2.0-870.
rd Password Requ[   12.529421] iscsi: registered transport (tcp)
ests to Wall Directory Watch.
         Mounting POSIX Message Queue File System...
[   12.582344] iscsi: registered transport (iser)
[[0;32m  OK  [0m] Reached target User and Group Name Lookups.
         Starting Create list of required st…ce nodes for the current kernel...
[[0;32m  OK  [0m] Listening on Journal Audit Socket.
         Starting Journal Service...
[[0;32m  OK  [0m] Listening on udev Kernel Socket.
[[0;32m  OK  [0m] Listening on Network Service Netlink Socket.
         Starting udev Coldplug all Devices...
[[0;32m  OK  [0m] Started Journal Service.
[[0;32m  OK  [0m] Started Remount Root and Kernel File Systems.
[[0;32m  OK  [0m] Mounted Huge Pages File System.
[[0;32m  OK  [0m] Mounted Kernel Debug File System.
[[0;32m  OK  [0m] Started Set the console keyboard layout.
[[0;32m  OK  [0m] Started Load Kernel Modules.
[[0;32m  OK  [0m] Started Uncomplicated firewall.
[[0;32m  OK  [0m] Mounted POSIX Message Queue File System.
[[0;32m  OK  [0m] Started Create list of required sta…vice nodes for the current kernel.
[[0;32m  OK  [0m] Started LVM2 metadata daemon.
         Starting Create Static Device Nodes in /dev...
         Mounting Kernel Configuration File System...
         Mounting FUSE Control File System...
         Starting Apply Kernel Variables...
         Starting Load/Save Random Seed...
         Starting Flush Journal to Persistent Storage...
[[0;32m  OK  [0m] Started Monitoring of LVM2 mirrors,…sing dmeventd or progress polling.
[[0;32m  OK  [0m] Mounted Kernel Configuration File System.
[[0;32m  OK  [0m] Mounted FUSE Control File System.
[[0;32m  OK  [0m] Started Load/Save Random Seed.
[[0;32m  OK  [0m] Started udev Coldplug all Devices.
[[0;32m  OK  [0m] Started Create Static Device Nodes in /dev.
[[0;32m  OK  [0m] Started Apply Kernel Variables.
         Starting udev Kernel Device Manager...
[[0;32m  OK  [0m] Reached target Local File Systems (Pre).
[[0;32m  OK  [0m] Reached target Local File Systems.
         Starting ebtables ruleset management...
         Starting AppArmor initialization...
         Starting Set console font and keymap...
         Starting Tell Plymouth To Write Out Runtime Data...
[[0;32m  OK  [0m] Started Set console font and keymap.
[[0;32m  OK  [0m] Started Tell Plymouth To Write Out Runtime Data.
[[0;32m  OK  [0m] Started udev Kernel Device Manager.
[[0;32m  OK  [0m] Started Dispatch Password Requests to Console Directory Watch.
[[0;32m  OK  [0m] Reached target Local Encrypted Volumes.
[[0;32m  OK  [0m] Started Flush Journal to Persistent Storage.
         Starting Create Volatile Files and Directories...
[[0;32m  OK  [0m] Started ebtables ruleset management.
[[0;32m  OK  [0m] Started Create Volatile Files and Directories.
         Starting Update UTMP about System Boot/Shutdown...
[[0;32m  OK  [0m] Started Update UTMP about System Boot/Shutdown.
[[0;32m  OK  [0m] Started AppArmor initialization.
         Starting Initial cloud-init job (pre-networking)...
[[0;32m  OK  [0m] Found device /dev/ttyS0.
[[0;32m  OK  [0m] Listening on Load/Save RF Kill Switch Status /dev/rfkill Watch.
[   16.374068] cloud-init[504]: Cloud-init v. 19.1-1-gbaa47854-0ubuntu1~18.04.1 running 'init-local' at Sat, 07 Sep 2019 01:43:48 +0000. Up 16.11 seconds.
[[0;32m  OK  [0m] Started Initial cloud-init job (pre-networking).
[[0;32m  OK  [0m] Reached target Network (Pre).
         Starting Network Service...
[[0;32m  OK  [0m] Started Network Service.
         Starting Wait for Network to be Configured...
         Starting Network Name Resolution...
[[0;32m  OK  [0m] Started Network Name Resolution.
[[0;32m  OK  [0m] Reached target Network.
[[0;32m  OK  [0m] Reached target Host and Network Name Lookups.
[[0;32m  OK  [0m] Started Wait for Network to be Configured.
         Starting Initial cloud-init job (metadata service crawler)...
[   19.007800] cloud-init[701]: Cloud-init v. 19.1-1-gbaa47854-0ubuntu1~18.04.1 running 'init' at Sat, 07 Sep 2019 01:43:51 +0000. Up 18.82 seconds.
[   19.011411] cloud-init[701]: ci-info: ++++++++++++++++++++++++++++++++++++++Net device info+++++++++++++++++++++++++++++++++++++++
[   19.018733] cloud-init[701]: ci-info: +--------+------+-----------------------------+---------------+--------+-------------------+
[   19.051016] cloud-init[701]: ci-info: | Device |  Up  |           Address           |      Mask     | Scope  |     Hw-Address    |
[   19.074669] cloud-init[701]: ci-info: +--------+------+-----------------------------+---------------+--------+-------------------+
[   19.120335] cloud-init[701]: ci-info: | enp0s3 | True |          10.0.2.15          | 255.255.255.0 | global | 02:54:57:2b:5c:0a |
[   19.192428] cloud-init[701]: ci-info: | enp0s3 | True |  fe80::54:57ff:fe2b:5c0a/64 |       .       |  link  | 02:54:57:2b:5c:0a |
[   19.212354] cloud-init[701]: ci-info: | enp0s8 | True |        192.168.33.10        | 255.255.255.0 | global | 08:00:27:37:70:e0 |
[   19.216662] cloud-init[701]: ci-info: | enp0s8 | True | fe80::a00:27ff:fe37:70e0/64 |       .       |  link  | 08:00:27:37:70:e0 |
[   19.254037] cloud-init[701]: ci-info: |   lo   | True |          127.0.0.1          |   255.0.0.0   |  host  |         .         |
[   19.313496] cloud-init[701]: ci-info: |   lo   | True |           ::1/128           |       .       |  host  |         .         |
[[0;32m  OK  [0m] Started Initial cloud-init job (metadata service crawler).
[[0;32m  OK  [0m] Reached target Cloud-config availability.
[[0;32m  OK  [0m] Reached target Network is Online.
[   19.398551] cloud-init[701]: ci-info: +--------+------+-----------------------------+---------------+--------+-------------------+
         Starting Availability of block devices...
[[0;32m  OK  [0m] Reached target Remote File Systems (Pre).
[[0;32m  OK  [0m] Reached target Remote File Systems.
[   19.511357] cloud-init[701]: ci-info: +++++++++++++++++++++++++++++Route IPv4 info+++++++++++++++++++++++++++++
[[0;32m  OK  [0m] Reached target System Initialization.
[   19.594735] cloud-init[701]: ci-info: +-------+--------------+----------+-----------------+-----------+-------+
[   19.673454] cloud-init[701]: ci-info: | Route | Destination  | Gateway  |     Genmask     | Interface | Flags |
[   19.709768] cloud-init[701]: ci-info: +-------+--------------+----------+-----------------+-----------+-------+
[   19.743993] [[0;32m  OK  [0m] Started ACPI Events Check.
cloud-init[701]: ci-info: |   0   |   0.0.0.0    | 10.0.2.2 |     0.0.0.0     |   enp0s3  |   UG  |
         Starting Socket activation for snappy daemon.
[   19.774412] cloud-init[701]: ci-info: |   1   |   10.0.2.0   | 0.0.0.0  |  255.255.255.0  |   enp0s3  |   U   |
[[0;32m  OK  [0m] Started Discard unused blocks once a week.
[   19.811031] [[0;32m  OK  [0m] Listening on D-Bus System Message Bus Socket.
[[0;32m  OK  [0m] Listening on UUID daemon activation socket.
[[0;32m  OK  [0m] Started Daily Cleanup of Temporary Directories.
cloud-init[701]: ci-info: |   2   |   10.0.2.2   | 0.0.0.0  | 255.255.255.255 |   enp0s3  |   UH  |
[[0;32m  OK  [0m] Listening on Open-iSCSI iscsid Socket.
[[0;32m  OK  [0m] Listening on ACPID Listen Socket.
[[0;32m  OK  [0m] Started Daily apt download activities.
[[0;32m  OK  [0m] Started Daily apt upgrade and clean activities.
[[0;32m  OK  [0m] Started Message of the Day.
[[0;32m  OK  [0m] Reached target Timers.
         Starting LXD - unix socket.
[[0;32m  OK  [0m] Reached target Paths.
[[0;32m  OK  [0m] Started Availability of block devices.
[[0;32m  OK  [0m] Listening on Socket activation for snappy daemon.
[[0;32m  OK  [0m] Listening on LXD - unix socket.
[[0;32m  OK  [0m] Reached target Sockets.
[[0;32m  OK  [0m] Reached target Basic System.
[[0;32m  OK  [0m] Started Regular background program processing daemon.
         Starting LSB: Record successful boot for GRUB...
         Starting LXD - container startup/shutdown...
[[0;32m  OK  [0m] Started D-Bus System Message Bus.
[   19.826619] cloud-init[701]: ci-info: |   3   | 192.168.33.0 | 0.0.0.0  |  255.255.255.0  |   enp0s8  |   U   |
[   20.019656] cloud-init[701]: ci-info: +-------+--------------+----------+-----------------+-----------+-------+
[   20.042213] cloud-init[701]: ci-info: +++++++++++++++++++Route IPv6 info+++++++++++++++++++
[   20.081364] cloud-init[701]: ci-info: +-------+-------------+---------+-----------+-------+
[   20.104633] cloud-init[701]: ci-info: | Route | Destination | Gateway | Interface | Flags |
[   20.199839] cloud-init[701]: ci-info: +-------+-------------+---------+-----------+-------+
[   20.286603] cloud-init[701]: ci-info: |   1   |  fe80::/64  |    ::   |   enp0s8  |   U   |
         Starting Snappy daemon...
[   20.330766] cloud-init[701]: ci-info: |   2   |  fe80::/64  |    ::   |   enp0s3  |   U   |
[   20.453067] cloud-init[701]: ci-info: |   4   |    local    |    ::   |   enp0s3  |   U   |
         Starting Permit User Sessions...
[   20.455001] cloud-init[701]: ci-info: |   5   |    local    |    ::   |   enp0s8  |   U   |
         Starting System Logging Service...
[   20.518951] cloud-init[701]:          Starting LSB: automatic crash report generation...
ci-info: |   6   |   ff00::/8  |    ::   |   enp0s8  |   U   |
         Starting OpenBSD Secure Shell server...
[   20.551506] [[0;32m  OK  [0m] Started Deferred execution scheduler.
cloud-init         Starting Accounts Service...
[701]: ci-info: |   7   |   ff00::/8  |    ::   |   enp0s3  |   U   |         Starting vboxadd.service...

[   20.591042] cloud-init[701]: ci-info: +-------+-------------+---------+-----------+-------+
[[0;32m  OK  [0m] Started irqbalance daemon.
         Starting Login Service...
[[0;32m  OK  [0m] Started FUSE filesystem for LXC.
         Starting Dispatcher daemon for systemd-networkd...
[[0;32m  OK  [0m] Started System Logging Service.
[[0;32m  OK  [0m] Started LXD - container startup/shutdown.
[[0;32m  OK  [0m] Started Permit User Sessions.
         Starting Hold until boot process finishes up...
         Starting Terminate Plymouth Boot Screen...
[[0;32m  OK  [0m] Started Terminate Plymouth Boot Screen.
[[0;32m  OK  [0m] Started Hold until boot process finishes up.
[[0;32m  OK  [0m] Started Login Service.
[[0;32m  OK  [0m] Started Unattended Upgrades Shutdown.
         Starting Set console scheme...
[[0;32m  OK  [0m] Started Serial Getty on ttyS0.
[[0;32m  OK  [0m] Started OpenBSD Secure Shell server.
[[0;32m  OK  [0m] Started Set console scheme.
[[0;32m  OK  [0m] Created slice system-getty.slice.
[[0;32m  OK  [0m] Started Getty on tty1.
[[0;32m  OK  [0m] Reached target Login Prompts.
         Starting Authorization Manager...
[[0;32m  OK  [0m] Started LSB: Record successful boot for GRUB.
[[0;32m  OK  [0m] Started LSB: automatic crash report generation.
[[0;32m  OK  [0m] Started Authorization Manager.
[[0;32m  OK  [0m] Started Accounts Service.
[[0;32m  OK  [0m] Started Snappy daemon.
         Starting Wait until snapd is fully seeded...
[[0;32m  OK  [0m] Started Wait until snapd is fully seeded.
         Starting Apply the settings specified in cloud-config...
[[0;32m  OK  [0m] Started Dispatcher daemon for systemd-networkd.
[[0;32m  OK  [0m] Created slice User Slice of vagrant.
         Starting User Manager for UID 1000...
[[0;32m  OK  [0m] Started Session 1 of user vagrant.
[[0;32m  OK  [0m] Started User Manager for UID 1000.
[[0;32m  OK  [0m] Started vboxadd.service.
         Starting vboxadd-service.service...
[[0;32m  OK  [0m] Started vboxadd-service.service.
[[0;32m  OK  [0m] Reached target Multi-User System.
[[0;32m  OK  [0m] Reached target Graphical Interface.
         Starting Update UTMP about System Runlevel Changes...
[[0;32m  OK  [0m] Started Update UTMP about System Runlevel Changes.
[   22.588786] cloud-init[955]: Cloud-init v. 19.1-1-gbaa47854-0ubuntu1~18.04.1 running 'modules:config' at Sat, 07 Sep 2019 01:43:55 +0000. Up 22.42 seconds.
[[0;32m  OK  [0m] Started Apply the settings specified in cloud-config.
         Starting Execute cloud user/final scripts...
[   23.785098] cloud-init[1164]: Cloud-init v. 19.1-1-gbaa47854-0ubuntu1~18.04.1 running 'modules:final' at Sat, 07 Sep 2019 01:43:56 +0000. Up 23.52 seconds.
[   23.824525] cloud-init[1164]: Cloud-init v. 19.1-1-gbaa47854-0ubuntu1~18.04.1 finished at Sat, 07 Sep 2019 01:43:56 +0000. Datasource DataSourceNoCloud [seed=/dev/sdb][dsmode=net].  Up 23.76 seconds
[[0;32m  OK  [0m] Started Execute cloud user/final scripts.
[[0;32m  OK  [0m] Reached target Cloud-init target.

Ubuntu 18.04.2 LTS ubuntu-bionic ttyS0

ubuntu-bionic login: [ 1020.394239] e1000 0000:00:03.0 enp0s3: Reset adapter
[38805.773759] e1000 0000:00:03.0 enp0s3: Reset adapter
[39430.774184] e1000 0000:00:03.0 enp0s3: Reset adapter
